#
# A fatal error has been detected by the Java Runtime Environment:
#
#  EXCEPTION_ACCESS_VIOLATION (0xc0000005) at pc=0x000000006c8b2928, pid=10540, tid=0x0000000000001600
#
# JRE version: Java(TM) SE Runtime Environment (8.0_131-b11) (build 1.8.0_131-b11)
# Java VM: Java HotSpot(TM) 64-Bit Server VM (25.131-b11 mixed mode windows-amd64 compressed oops)
# Problematic frame:
# C  [jdwp.dll+0x22928]
#
# Failed to write core dump. Minidumps are not enabled by default on client versions of Windows
#
# If you would like to submit a bug report, please visit:
#   http://bugreport.java.com/bugreport/crash.jsp
# The crash happened outside the Java Virtual Machine in native code.
# See problematic frame for where to report the bug.
#

---------------  T H R E A D  ---------------

Current thread (0x0000000017479000):  JavaThread "JDWP Command Reader" daemon [_thread_in_native, id=5632, stack(0x0000000018ff0000,0x00000000190f0000)]

siginfo: ExceptionCode=0xc0000005, reading address 0x0000000000000000

Registers:
RAX=0x000000006c8bf5a0, RBX=0x000000000000000c, RCX=0x0000000000000000, RDX=0x0000000000000028
RSP=0x00000000190ef2b0, RBP=0x00000000190ef520, RSI=0x0000000000000004, RDI=0x000000006c8733c0
R8 =0x00000000190ef318, R9 =0x7efefefefefeff6b, R10=0x81010101010100f8, R11=0x8101010101010100
R12=0x000000006c8b91d8, R13=0x0000000017479bc8, R14=0x0000000000000000, R15=0x0000000000000000
RIP=0x000000006c8b2928, EFLAGS=0x0000000000010206

Top of Stack: (sp=0x00000000190ef2b0)
0x00000000190ef2b0:   00000000190ef330 0000000000012017
0x00000000190ef2c0:   00000000190ef2f8 0000000000000018
0x00000000190ef2d0:   0000000000000000 000000006c8723c0
0x00000000190ef2e0:   c000012000002714 0000000000000000
0x00000000190ef2f0:   00000000190ef330 00000000190ef3e8
0x00000000190ef300:   000000006c8733c0 000000006c87108e
0x00000000190ef310:   000000000000000c 0000000000846a40
0x00000000190ef320:   0000000000000004 00007ff82e9671c0
0x00000000190ef330:   7075727265746e49 636e756620646574
0x00000000190ef340:   6c6163206e6f6974 000000000000006c
0x00000000190ef350:   0000000000000000 0000000000000000
0x00000000190ef360:   0000c1dc5d1995d6 000000006c8b91d8
0x00000000190ef370:   00000000000003b4 00007ff82e069711
0x00000000190ef380:   0000000000002714 0000000000825ed0
0x00000000190ef390:   0000000000000004 00000000190ef3d4
0x00000000190ef3a0:   00000000190ef438 0000000000000000 

Instructions: (pc=0x000000006c8b2928)
0x000000006c8b2908:   83 ec 50 48 63 d1 85 c9 75 07 33 c0 e9 84 00 00
0x000000006c8b2918:   00 48 8b 05 c8 d3 00 00 4c 8d 44 24 68 48 8b 08
0x000000006c8b2928:   48 8b 01 ff 90 68 01 00 00 8b f8 85 c0 74 61 8b
0x000000006c8b2938:   c8 e8 72 ca fe ff 48 8b d8 ff 15 e9 48 00 00 c7 


Register to memory mapping:

RAX=0x000000006c8bf5a0 is an unknown value
RBX=0x000000000000000c is an unknown value
RCX=0x0000000000000000 is an unknown value
RDX=0x0000000000000028 is an unknown value
RSP=0x00000000190ef2b0 is pointing into the stack for thread: 0x0000000017479000
RBP=0x00000000190ef520 is pointing into the stack for thread: 0x0000000017479000
RSI=0x0000000000000004 is an unknown value
RDI=0x000000006c8733c0 is an unknown value
R8 =0x00000000190ef318 is pointing into the stack for thread: 0x0000000017479000
R9 =0x7efefefefefeff6b is an unknown value
R10=0x81010101010100f8 is an unknown value
R11=0x8101010101010100 is an unknown value
R12=0x000000006c8b91d8 is an unknown value
R13=0x0000000017479bc8 is an unknown value
R14=0x0000000000000000 is an unknown value
R15=0x0000000000000000 is an unknown value


Stack: [0x0000000018ff0000,0x00000000190f0000],  sp=0x00000000190ef2b0,  free space=1020k
Native frames: (J=compiled Java code, j=interpreted, Vv=VM code, C=native code)
C  [jdwp.dll+0x22928]
C  [dt_socket.dll+0x108e]
C  [dt_socket.dll+0x15f6]
C  [jdwp.dll+0x1fad1]
C  [jdwp.dll+0xed38]
V  [jvm.dll+0x1bda28]
V  [jvm.dll+0x24537f]
V  [jvm.dll+0x29cc1a]
C  [msvcr100.dll+0x21d9f]
C  [msvcr100.dll+0x21e3b]
C  [KERNEL32.DLL+0x13034]
C  [ntdll.dll+0x71551]


---------------  P R O C E S S  ---------------

Java Threads: ( => current thread )
  0x000000001b808800 JavaThread "JMX server connection timeout 38" daemon [_thread_blocked, id=3756, stack(0x000000001df90000,0x000000001e090000)]
  0x000000001b809800 JavaThread "RMI Scheduler(0)" daemon [_thread_blocked, id=10692, stack(0x000000001de90000,0x000000001df90000)]
  0x000000001b805000 JavaThread "RMI TCP Connection(2)-127.0.0.1" daemon [_thread_in_native, id=5924, stack(0x000000001dd90000,0x000000001de90000)]
  0x000000001b807000 JavaThread "RMI TCP Connection(1)-127.0.0.1" daemon [_thread_in_native, id=8624, stack(0x000000001dc90000,0x000000001dd90000)]
  0x000000001b803800 JavaThread "http-nio-9090-AsyncTimeout" daemon [_thread_blocked, id=2832, stack(0x000000001d790000,0x000000001d890000)]
  0x000000001b6a0800 JavaThread "http-nio-9090-Acceptor-0" daemon [_thread_blocked, id=10644, stack(0x000000001d690000,0x000000001d790000)]
  0x000000001b4bd000 JavaThread "Abandoned connection cleanup thread" daemon [_thread_blocked, id=11596, stack(0x000000001ca90000,0x000000001cb90000)]
  0x00000000196d5800 JavaThread "RMI TCP Accept-0" daemon [_thread_in_native, id=8652, stack(0x0000000019f10000,0x000000001a010000)]
  0x00000000196bd800 JavaThread "RMI TCP Accept-51606" daemon [_thread_in_native, id=496, stack(0x0000000019e10000,0x0000000019f10000)]
  0x00000000196aa000 JavaThread "RMI TCP Accept-0" daemon [_thread_in_native, id=7056, stack(0x0000000019d10000,0x0000000019e10000)]
  0x00000000188a1000 JavaThread "Service Thread" daemon [_thread_blocked, id=9116, stack(0x00000000193f0000,0x00000000194f0000)]
  0x0000000017483000 JavaThread "C1 CompilerThread2" daemon [_thread_blocked, id=7864, stack(0x00000000192f0000,0x00000000193f0000)]
  0x0000000017481800 JavaThread "C2 CompilerThread1" daemon [_thread_blocked, id=13192, stack(0x00000000191f0000,0x00000000192f0000)]
  0x000000001747d800 JavaThread "C2 CompilerThread0" daemon [_thread_blocked, id=11828, stack(0x00000000190f0000,0x00000000191f0000)]
=>0x0000000017479000 JavaThread "JDWP Command Reader" daemon [_thread_in_native, id=5632, stack(0x0000000018ff0000,0x00000000190f0000)]
  0x000000001746c000 JavaThread "JDWP Event Helper Thread" daemon [_thread_blocked, id=7360, stack(0x0000000018ef0000,0x0000000018ff0000)]
  0x0000000017462800 JavaThread "JDWP Transport Listener: dt_socket" daemon [_thread_blocked, id=10648, stack(0x0000000018df0000,0x0000000018ef0000)]
  0x0000000018832800 JavaThread "Attach Listener" daemon [_thread_blocked, id=10628, stack(0x0000000018cf0000,0x0000000018df0000)]
  0x0000000002b3d000 JavaThread "Finalizer" daemon [_thread_blocked, id=10912, stack(0x0000000018690000,0x0000000018790000)]
  0x0000000002b38000 JavaThread "Reference Handler" daemon [_thread_blocked, id=13308, stack(0x0000000018590000,0x0000000018690000)]

Other Threads:
  0x00000000173f7800 VMThread [stack: 0x0000000018490000,0x0000000018590000] [id=13088]

VM state:at safepoint (normal execution)

VM Mutex/Monitor currently owned by a thread:  ([mutex/lock_event])
[0x0000000002a43150] Threads_lock - owner thread: 0x00000000173f7800
[0x0000000002a42ad0] Heap_lock - owner thread: 0x000000001b802800

Heap:
 PSYoungGen      total 180224K, used 101689K [0x00000000d7300000, 0x00000000e7600000, 0x0000000100000000)
  eden space 165376K, 61% used [0x00000000d7300000,0x00000000dd64e638,0x00000000e1480000)
  from space 14848K, 0% used [0x00000000e1480000,0x00000000e1480000,0x00000000e2300000)
  to   space 15360K, 0% used [0x00000000e6700000,0x00000000e6700000,0x00000000e7600000)
 ParOldGen       total 88576K, used 22885K [0x0000000085800000, 0x000000008ae80000, 0x00000000d7300000)
  object space 88576K, 25% used [0x0000000085800000,0x0000000086e59430,0x000000008ae80000)
 Metaspace       used 38875K, capacity 39366K, committed 39680K, reserved 1083392K
  class space    used 4949K, capacity 5054K, committed 5120K, reserved 1048576K

Card table byte_map: [0x0000000011f00000,0x00000000122e0000] byte_map_base: 0x0000000011ad4000

Marking Bits: (ParMarkBitMap*) 0x000000006badc720
 Begin Bits: [0x0000000012970000, 0x0000000014810000)
 End Bits:   [0x0000000014810000, 0x00000000166b0000)

Polling page: 0x0000000002450000

CodeCache: size=245760Kb used=8129Kb max_used=8129Kb free=237630Kb
 bounds [0x0000000002b40000, 0x0000000003340000, 0x0000000011b40000]
 total_blobs=4228 nmethods=3720 adapters=428
 compilation: enabled

Compilation events (10 events):
Event: 29.110 Thread 0x0000000017483000 3721       1       org.apache.catalina.util.LifecycleBase::fireLifecycleEvent (56 bytes)
Event: 29.110 Thread 0x0000000017483000 nmethod 3721 0x000000000332e410 code [0x000000000332e5c0, 0x000000000332e968]
Event: 29.110 Thread 0x0000000017483000 3722       1       org.apache.catalina.LifecycleEvent::<init> (16 bytes)
Event: 29.111 Thread 0x0000000017483000 nmethod 3722 0x000000000332ec50 code [0x000000000332edc0, 0x000000000332efe8]
Event: 29.111 Thread 0x0000000017483000 3723  s    1       org.apache.catalina.util.LifecycleBase::setStateInternal (144 bytes)
Event: 29.112 Thread 0x0000000017483000 nmethod 3723 0x000000000332f110 code [0x000000000332f2e0, 0x000000000332f9e8]
Event: 29.113 Thread 0x0000000017483000 3724       1       java.util.logging.LogManager$LoggerContext::ensureInitialized (24 bytes)
Event: 29.114 Thread 0x0000000017483000 nmethod 3724 0x000000000332fe90 code [0x0000000003330000, 0x00000000033301c8]
Event: 29.114 Thread 0x0000000017483000 3725  s    1       java.util.logging.LogManager$LoggerContext::findLogger (40 bytes)
Event: 29.115 Thread 0x0000000017483000 nmethod 3725 0x0000000003330350 code [0x0000000003330500, 0x00000000033309a8]

GC Heap History (10 events):
Event: 2.486 GC heap before
{Heap before GC invocations=7 (full 1):
 PSYoungGen      total 68608K, used 63488K [0x00000000d7300000, 0x00000000e0400000, 0x0000000100000000)
  eden space 63488K, 100% used [0x00000000d7300000,0x00000000db100000,0x00000000db100000)
  from space 5120K, 0% used [0x00000000db100000,0x00000000db100000,0x00000000db600000)
  to   space 10752K, 0% used [0x00000000df980000,0x00000000df980000,0x00000000e0400000)
 ParOldGen       total 58880K, used 11262K [0x0000000085800000, 0x0000000089180000, 0x00000000d7300000)
  object space 58880K, 19% used [0x0000000085800000,0x00000000862ff8d0,0x0000000089180000)
 Metaspace       used 23887K, capacity 24216K, committed 24448K, reserved 1071104K
  class space    used 3092K, capacity 3169K, committed 3200K, reserved 1048576K
Event: 2.491 GC heap after
Heap after GC invocations=7 (full 1):
 PSYoungGen      total 110080K, used 5304K [0x00000000d7300000, 0x00000000dff00000, 0x0000000100000000)
  eden space 104448K, 0% used [0x00000000d7300000,0x00000000d7300000,0x00000000dd900000)
  from space 5632K, 94% used [0x00000000df980000,0x00000000dfeae360,0x00000000dff00000)
  to   space 10752K, 0% used [0x00000000dea00000,0x00000000dea00000,0x00000000df480000)
 ParOldGen       total 58880K, used 11270K [0x0000000085800000, 0x0000000089180000, 0x00000000d7300000)
  object space 58880K, 19% used [0x0000000085800000,0x00000000863018d0,0x0000000089180000)
 Metaspace       used 23887K, capacity 24216K, committed 24448K, reserved 1071104K
  class space    used 3092K, capacity 3169K, committed 3200K, reserved 1048576K
}
Event: 3.226 GC heap before
{Heap before GC invocations=8 (full 1):
 PSYoungGen      total 110080K, used 109752K [0x00000000d7300000, 0x00000000dff00000, 0x0000000100000000)
  eden space 104448K, 100% used [0x00000000d7300000,0x00000000dd900000,0x00000000dd900000)
  from space 5632K, 94% used [0x00000000df980000,0x00000000dfeae360,0x00000000dff00000)
  to   space 10752K, 0% used [0x00000000dea00000,0x00000000dea00000,0x00000000df480000)
 ParOldGen       total 58880K, used 11270K [0x0000000085800000, 0x0000000089180000, 0x00000000d7300000)
  object space 58880K, 19% used [0x0000000085800000,0x00000000863018d0,0x0000000089180000)
 Metaspace       used 28283K, capacity 28630K, committed 28928K, reserved 1075200K
  class space    used 3627K, capacity 3718K, committed 3840K, reserved 1048576K
Event: 3.234 GC heap after
Heap after GC invocations=8 (full 1):
 PSYoungGen      total 132608K, used 10714K [0x00000000d7300000, 0x00000000e2f00000, 0x0000000100000000)
  eden space 121856K, 0% used [0x00000000d7300000,0x00000000d7300000,0x00000000dea00000)
  from space 10752K, 99% used [0x00000000dea00000,0x00000000df476838,0x00000000df480000)
  to   space 12288K, 0% used [0x00000000e2300000,0x00000000e2300000,0x00000000e2f00000)
 ParOldGen       total 58880K, used 11278K [0x0000000085800000, 0x0000000089180000, 0x00000000d7300000)
  object space 58880K, 19% used [0x0000000085800000,0x00000000863038d0,0x0000000089180000)
 Metaspace       used 28283K, capacity 28630K, committed 28928K, reserved 1075200K
  class space    used 3627K, capacity 3718K, committed 3840K, reserved 1048576K
}
Event: 4.041 GC heap before
{Heap before GC invocations=9 (full 1):
 PSYoungGen      total 132608K, used 132570K [0x00000000d7300000, 0x00000000e2f00000, 0x0000000100000000)
  eden space 121856K, 100% used [0x00000000d7300000,0x00000000dea00000,0x00000000dea00000)
  from space 10752K, 99% used [0x00000000dea00000,0x00000000df476838,0x00000000df480000)
  to   space 12288K, 0% used [0x00000000e2300000,0x00000000e2300000,0x00000000e2f00000)
 ParOldGen       total 58880K, used 11278K [0x0000000085800000, 0x0000000089180000, 0x00000000d7300000)
  object space 58880K, 19% used [0x0000000085800000,0x00000000863038d0,0x0000000089180000)
 Metaspace       used 34360K, capacity 34838K, committed 35200K, reserved 1079296K
  class space    used 4344K, capacity 4454K, committed 4480K, reserved 1048576K
Event: 4.053 GC heap after
Heap after GC invocations=9 (full 1):
 PSYoungGen      total 177664K, used 12276K [0x00000000d7300000, 0x00000000e4c00000, 0x0000000100000000)
  eden space 165376K, 0% used [0x00000000d7300000,0x00000000d7300000,0x00000000e1480000)
  from space 12288K, 99% used [0x00000000e2300000,0x00000000e2efd190,0x00000000e2f00000)
  to   space 14848K, 0% used [0x00000000e1480000,0x00000000e1480000,0x00000000e2300000)
 ParOldGen       total 58880K, used 14408K [0x0000000085800000, 0x0000000089180000, 0x00000000d7300000)
  object space 58880K, 24% used [0x0000000085800000,0x00000000866121a8,0x0000000089180000)
 Metaspace       used 34360K, capacity 34838K, committed 35200K, reserved 1079296K
  class space    used 4344K, capacity 4454K, committed 4480K, reserved 1048576K
}
Event: 4.178 GC heap before
{Heap before GC invocations=10 (full 1):
 PSYoungGen      total 177664K, used 32621K [0x00000000d7300000, 0x00000000e4c00000, 0x0000000100000000)
  eden space 165376K, 12% used [0x00000000d7300000,0x00000000d86de440,0x00000000e1480000)
  from space 12288K, 99% used [0x00000000e2300000,0x00000000e2efd190,0x00000000e2f00000)
  to   space 14848K, 0% used [0x00000000e1480000,0x00000000e1480000,0x00000000e2300000)
 ParOldGen       total 58880K, used 14408K [0x0000000085800000, 0x0000000089180000, 0x00000000d7300000)
  object space 58880K, 24% used [0x0000000085800000,0x00000000866121a8,0x0000000089180000)
 Metaspace       used 34628K, capacity 35068K, committed 35416K, reserved 1081344K
  class space    used 4375K, capacity 4487K, committed 4608K, reserved 1048576K
Event: 4.188 GC heap after
Heap after GC invocations=10 (full 1):
 PSYoungGen      total 180224K, used 10916K [0x00000000d7300000, 0x00000000e7600000, 0x0000000100000000)
  eden space 165376K, 0% used [0x00000000d7300000,0x00000000d7300000,0x00000000e1480000)
  from space 14848K, 73% used [0x00000000e1480000,0x00000000e1f29238,0x00000000e2300000)
  to   space 15360K, 0% used [0x00000000e6700000,0x00000000e6700000,0x00000000e7600000)
 ParOldGen       total 58880K, used 16618K [0x0000000085800000, 0x0000000089180000, 0x00000000d7300000)
  object space 58880K, 28% used [0x0000000085800000,0x000000008683a958,0x0000000089180000)
 Metaspace       used 34628K, capacity 35068K, committed 35416K, reserved 1081344K
  class space    used 4375K, capacity 4487K, committed 4608K, reserved 1048576K
}
Event: 4.188 GC heap before
{Heap before GC invocations=11 (full 2):
 PSYoungGen      total 180224K, used 10916K [0x00000000d7300000, 0x00000000e7600000, 0x0000000100000000)
  eden space 165376K, 0% used [0x00000000d7300000,0x00000000d7300000,0x00000000e1480000)
  from space 14848K, 73% used [0x00000000e1480000,0x00000000e1f29238,0x00000000e2300000)
  to   space 15360K, 0% used [0x00000000e6700000,0x00000000e6700000,0x00000000e7600000)
 ParOldGen       total 58880K, used 16618K [0x0000000085800000, 0x0000000089180000, 0x00000000d7300000)
  object space 58880K, 28% used [0x0000000085800000,0x000000008683a958,0x0000000089180000)
 Metaspace       used 34628K, capacity 35068K, committed 35416K, reserved 1081344K
  class space    used 4375K, capacity 4487K, committed 4608K, reserved 1048576K
Event: 4.267 GC heap after
Heap after GC invocations=11 (full 2):
 PSYoungGen      total 180224K, used 0K [0x00000000d7300000, 0x00000000e7600000, 0x0000000100000000)
  eden space 165376K, 0% used [0x00000000d7300000,0x00000000d7300000,0x00000000e1480000)
  from space 14848K, 0% used [0x00000000e1480000,0x00000000e1480000,0x00000000e2300000)
  to   space 15360K, 0% used [0x00000000e6700000,0x00000000e6700000,0x00000000e7600000)
 ParOldGen       total 88576K, used 22885K [0x0000000085800000, 0x000000008ae80000, 0x00000000d7300000)
  object space 88576K, 25% used [0x0000000085800000,0x0000000086e59430,0x000000008ae80000)
 Metaspace       used 34628K, capacity 35068K, committed 35416K, reserved 1081344K
  class space    used 4375K, capacity 4487K, committed 4608K, reserved 1048576K
}

Deoptimization events (0 events):
No events

Internal exceptions (10 events):
Event: 8.017 Thread 0x000000001b808000 Exception <a 'java/lang/ArrayIndexOutOfBoundsException'> (0x00000000dc2ac040) thrown at [C:\re\workspace\8-2-build-windows-amd64-cygwin\jdk8u131\8869\hotspot\src\share\vm\runtime\sharedRuntime.cpp, line 605]
Event: 8.017 Thread 0x000000001b808000 Exception <a 'java/lang/ArrayIndexOutOfBoundsException'> (0x00000000dc2add90) thrown at [C:\re\workspace\8-2-build-windows-amd64-cygwin\jdk8u131\8869\hotspot\src\share\vm\runtime\sharedRuntime.cpp, line 605]
Event: 8.018 Thread 0x000000001b808000 Exception <a 'java/lang/ArrayIndexOutOfBoundsException'> (0x00000000dc2b9288) thrown at [C:\re\workspace\8-2-build-windows-amd64-cygwin\jdk8u131\8869\hotspot\src\share\vm\runtime\sharedRuntime.cpp, line 605]
Event: 8.082 Thread 0x000000001b808000 Exception <a 'java/lang/ArrayIndexOutOfBoundsException'> (0x00000000dc48e858) thrown at [C:\re\workspace\8-2-build-windows-amd64-cygwin\jdk8u131\8869\hotspot\src\share\vm\runtime\sharedRuntime.cpp, line 605]
Event: 8.132 Thread 0x000000001b808000 Exception <a 'java/lang/ArrayIndexOutOfBoundsException'> (0x00000000dc67bee8) thrown at [C:\re\workspace\8-2-build-windows-amd64-cygwin\jdk8u131\8869\hotspot\src\share\vm\runtime\sharedRuntime.cpp, line 605]
Event: 8.145 Thread 0x000000001b808000 Exception <a 'java/lang/ArrayIndexOutOfBoundsException'> (0x00000000dc6e90b8) thrown at [C:\re\workspace\8-2-build-windows-amd64-cygwin\jdk8u131\8869\hotspot\src\share\vm\runtime\sharedRuntime.cpp, line 605]
Event: 28.674 Thread 0x000000001b805000 Exception <a 'java/lang/NoSuchMethodError': <clinit>> (0x00000000dcecb7f0) thrown at [C:\re\workspace\8-2-build-windows-amd64-cygwin\jdk8u131\8869\hotspot\src\share\vm\prims\jni.cpp, line 1613]
Event: 28.681 Thread 0x000000001b805000 Exception <a 'java/lang/ClassNotFoundException': javax/management/remote/rmi/RMIConnectionImpl_Skel> (0x00000000dced07e0) thrown at [C:\re\workspace\8-2-build-windows-amd64-cygwin\jdk8u131\8869\hotspot\src\share\vm\classfile\systemDictionary.cpp, line 210
Event: 29.101 Thread 0x000000001b43c800 Exception <a 'java/lang/InterruptedException': sleep interrupted> (0x00000000dd0a7578) thrown at [C:\re\workspace\8-2-build-windows-amd64-cygwin\jdk8u131\8869\hotspot\src\share\vm\prims\jvm.cpp, line 3228]
Event: 29.110 Thread 0x000000001b441800 Exception <a 'java/lang/InterruptedException': sleep interrupted> (0x00000000dd39d540) thrown at [C:\re\workspace\8-2-build-windows-amd64-cygwin\jdk8u131\8869\hotspot\src\share\vm\prims\jvm.cpp, line 3228]

Events (10 events):
Event: 29.112 Executing VM operation: RevokeBias done
Event: 29.113 Thread 0x000000001b805800 Thread exited: 0x000000001b805800
Event: 29.113 Executing VM operation: RevokeBias
Event: 29.113 Executing VM operation: RevokeBias done
Event: 29.113 Thread 0x000000001b80a000 Thread exited: 0x000000001b80a000
Event: 29.113 Thread 0x000000001b80b000 Thread exited: 0x000000001b80b000
Event: 29.114 Thread 0x000000001b806800 Thread exited: 0x000000001b806800
Event: 29.114 Thread 0x0000000017483000 flushing nmethod 0x0000000002c96590
Event: 29.121 Thread 0x0000000017447000 Thread exited: 0x0000000017447000
Event: 29.121 Thread 0x000000001b802800 Thread exited: 0x000000001b802800


Dynamic libraries:
0x00007ff6e7520000 - 0x00007ff6e7557000 	C:\Java\jdk1.8.0_131\bin\javaw.exe
0x00007ff82e920000 - 0x00007ff82eb01000 	C:\WINDOWS\SYSTEM32\ntdll.dll
0x00007ff82d5e0000 - 0x00007ff82d692000 	C:\WINDOWS\System32\KERNEL32.DLL
0x00007ff82acf0000 - 0x00007ff82af63000 	C:\WINDOWS\System32\KERNELBASE.dll
0x00007ff82e370000 - 0x00007ff82e411000 	C:\WINDOWS\System32\ADVAPI32.dll
0x00007ff82df90000 - 0x00007ff82e02e000 	C:\WINDOWS\System32\msvcrt.dll
0x00007ff82d280000 - 0x00007ff82d2db000 	C:\WINDOWS\System32\sechost.dll
0x00007ff82d380000 - 0x00007ff82d4a4000 	C:\WINDOWS\System32\RPCRT4.dll
0x00007ff82e1e0000 - 0x00007ff82e370000 	C:\WINDOWS\System32\USER32.dll
0x00007ff82baa0000 - 0x00007ff82bac0000 	C:\WINDOWS\System32\win32u.dll
0x00007ff82df60000 - 0x00007ff82df88000 	C:\WINDOWS\System32\GDI32.dll
0x00007ff82b0f0000 - 0x00007ff82b282000 	C:\WINDOWS\System32\gdi32full.dll
0x00007ff82b9a0000 - 0x00007ff82ba3f000 	C:\WINDOWS\System32\msvcp_win.dll
0x00007ff82af70000 - 0x00007ff82b06a000 	C:\WINDOWS\System32\ucrtbase.dll
0x00007ff81fc90000 - 0x00007ff81fef9000 	C:\WINDOWS\WinSxS\amd64_microsoft.windows.common-controls_6595b64144ccf1df_6.0.17134.48_none_b4b2216a3cb4dd3e\COMCTL32.dll
0x00007ff82e5c0000 - 0x00007ff82e8e3000 	C:\WINDOWS\System32\combase.dll
0x00007ff82b070000 - 0x00007ff82b0ea000 	C:\WINDOWS\System32\bcryptPrimitives.dll
0x00007ff82e030000 - 0x00007ff82e05d000 	C:\WINDOWS\System32\IMM32.DLL
0x000000006ca70000 - 0x000000006cb42000 	C:\Java\jdk1.8.0_131\jre\bin\msvcr100.dll
0x000000006b2c0000 - 0x000000006bb5c000 	C:\Java\jdk1.8.0_131\jre\bin\server\jvm.dll
0x00007ff82d370000 - 0x00007ff82d378000 	C:\WINDOWS\System32\PSAPI.DLL
0x00007ff826010000 - 0x00007ff82601a000 	C:\WINDOWS\SYSTEM32\VERSION.dll
0x00007ff827170000 - 0x00007ff827193000 	C:\WINDOWS\SYSTEM32\WINMM.dll
0x00007ff81b280000 - 0x00007ff81b289000 	C:\WINDOWS\SYSTEM32\WSOCK32.dll
0x00007ff82e060000 - 0x00007ff82e0cc000 	C:\WINDOWS\System32\WS2_32.dll
0x00007ff827060000 - 0x00007ff82708a000 	C:\WINDOWS\SYSTEM32\WINMMBASE.dll
0x00007ff82bcb0000 - 0x00007ff82bcf9000 	C:\WINDOWS\System32\cfgmgr32.dll
0x000000006ced0000 - 0x000000006cedf000 	C:\Java\jdk1.8.0_131\jre\bin\verify.dll
0x000000006cc10000 - 0x000000006cc39000 	C:\Java\jdk1.8.0_131\jre\bin\java.dll
0x000000006c890000 - 0x000000006c8c5000 	C:\Java\jdk1.8.0_131\jre\bin\jdwp.dll
0x000000006c880000 - 0x000000006c888000 	C:\Java\jdk1.8.0_131\jre\bin\npt.dll
0x000000006ceb0000 - 0x000000006cec6000 	C:\Java\jdk1.8.0_131\jre\bin\zip.dll
0x00007ff82be40000 - 0x00007ff82d280000 	C:\WINDOWS\System32\SHELL32.dll
0x00007ff82e130000 - 0x00007ff82e1d9000 	C:\WINDOWS\System32\shcore.dll
0x00007ff82b290000 - 0x00007ff82b99d000 	C:\WINDOWS\System32\windows.storage.dll
0x00007ff82d580000 - 0x00007ff82d5d1000 	C:\WINDOWS\System32\shlwapi.dll
0x00007ff82acd0000 - 0x00007ff82ace1000 	C:\WINDOWS\System32\kernel.appcore.dll
0x00007ff82ac40000 - 0x00007ff82ac5f000 	C:\WINDOWS\System32\profapi.dll
0x00007ff82ac80000 - 0x00007ff82accc000 	C:\WINDOWS\System32\powrprof.dll
0x00007ff82ac30000 - 0x00007ff82ac3a000 	C:\WINDOWS\System32\FLTLIB.DLL
0x000000006c870000 - 0x000000006c879000 	C:\Java\jdk1.8.0_131\jre\bin\dt_socket.dll
0x00007ff825660000 - 0x00007ff825676000 	C:\WINDOWS\system32\napinsp.dll
0x00007ff821020000 - 0x00007ff82103a000 	C:\WINDOWS\system32\pnrpnsp.dll
0x00007ff8276b0000 - 0x00007ff8276c9000 	C:\WINDOWS\system32\NLAapi.dll
0x00007ff82a460000 - 0x00007ff82a4c6000 	C:\WINDOWS\System32\mswsock.dll
0x00007ff82a230000 - 0x00007ff82a2ee000 	C:\WINDOWS\SYSTEM32\DNSAPI.dll
0x00007ff82be10000 - 0x00007ff82be18000 	C:\WINDOWS\System32\NSI.dll
0x00007ff82a1f0000 - 0x00007ff82a228000 	C:\WINDOWS\SYSTEM32\IPHLPAPI.DLL
0x00007ff821010000 - 0x00007ff82101e000 	C:\WINDOWS\System32\winrnr.dll
0x00007ff800230000 - 0x00007ff800245000 	C:\WINDOWS\System32\wshbth.dll
0x00007ff8203f0000 - 0x00007ff820462000 	C:\WINDOWS\System32\fwpuclnt.dll
0x00007ff82a7c0000 - 0x00007ff82a7e5000 	C:\WINDOWS\SYSTEM32\bcrypt.dll
0x00007ff81f2d0000 - 0x00007ff81f2da000 	C:\Windows\System32\rasadhlp.dll
0x000000006cb60000 - 0x000000006cb6d000 	C:\Java\jdk1.8.0_131\jre\bin\management.dll
0x000000006cbc0000 - 0x000000006cbda000 	C:\Java\jdk1.8.0_131\jre\bin\net.dll
0x000000006cba0000 - 0x000000006cbb1000 	C:\Java\jdk1.8.0_131\jre\bin\nio.dll
0x00007ff82a820000 - 0x00007ff82a837000 	C:\WINDOWS\SYSTEM32\CRYPTSP.dll
0x00007ff82a050000 - 0x00007ff82a083000 	C:\WINDOWS\system32\rsaenh.dll
0x00007ff82ab60000 - 0x00007ff82ab88000 	C:\WINDOWS\SYSTEM32\USERENV.dll
0x00007ff82a5c0000 - 0x00007ff82a5cb000 	C:\WINDOWS\SYSTEM32\CRYPTBASE.dll
0x00007ff81fc70000 - 0x00007ff81fc86000 	C:\WINDOWS\SYSTEM32\dhcpcsvc6.DLL
0x00007ff81fc20000 - 0x00007ff81fc3a000 	C:\WINDOWS\SYSTEM32\dhcpcsvc.DLL
0x00007ff815d10000 - 0x00007ff815ed9000 	C:\WINDOWS\SYSTEM32\dbghelp.dll

VM Arguments:
jvm_args: -agentlib:jdwp=transport=dt_socket,suspend=y,address=localhost:51607 -Dcom.sun.management.jmxremote -Dcom.sun.management.jmxremote.port=51606 -Dcom.sun.management.jmxremote.authenticate=false -Dcom.sun.management.jmxremote.ssl=false -Djava.rmi.server.hostname=localhost -Dspring.liveBeansView.mbeanDomain -Dspring.application.admin.enabled=true -Xverify:none -XX:TieredStopAtLevel=1 -Dfile.encoding=UTF-8 
java_command: com.hugui.annotationbatis.AnnotationbatisApplication --spring.output.ansi.enabled=always
java_class_path (initial): C:\Java\jdk1.8.0_131\jre\lib\resources.jar;C:\Java\jdk1.8.0_131\jre\lib\rt.jar;C:\Java\jdk1.8.0_131\jre\lib\jsse.jar;C:\Java\jdk1.8.0_131\jre\lib\jce.jar;C:\Java\jdk1.8.0_131\jre\lib\charsets.jar;C:\Java\jdk1.8.0_131\jre\lib\jfr.jar;C:\Java\jdk1.8.0_131\jre\lib\ext\access-bridge-64.jar;C:\Java\jdk1.8.0_131\jre\lib\ext\cldrdata.jar;C:\Java\jdk1.8.0_131\jre\lib\ext\dnsns.jar;C:\Java\jdk1.8.0_131\jre\lib\ext\jaccess.jar;C:\Java\jdk1.8.0_131\jre\lib\ext\jfxrt.jar;C:\Java\jdk1.8.0_131\jre\lib\ext\localedata.jar;C:\Java\jdk1.8.0_131\jre\lib\ext\nashorn.jar;C:\Java\jdk1.8.0_131\jre\lib\ext\sunec.jar;C:\Java\jdk1.8.0_131\jre\lib\ext\sunjce_provider.jar;C:\Java\jdk1.8.0_131\jre\lib\ext\sunmscapi.jar;C:\Java\jdk1.8.0_131\jre\lib\ext\sunpkcs11.jar;C:\Java\jdk1.8.0_131\jre\lib\ext\zipfs.jar;D:\Professional\sts\sts-3.9.1.RELEASE\workspace_springboot\annotationbatis\target\classes;D:\Professional\apache-maven-3.2.5\repository\org\springframework\boot\spring-boot-starter-web\1.5.2.RELEASE\spring-boot-starter-web-1.5.2.RELEASE.jar;D:\Professional\apache-maven-3.2.5\repository\org\springframework\boot\spring-boot-starter\1.5.2.RELEASE\spring-boot-starter-1.5.2.RELEASE.jar;D:\Professional\apache-maven-3.2.5\repository\org\springframework\boot\spring-boot\1.5.2.RELEASE\spring-boot-1.5.2.RELEASE.jar;D:\Professional\apache-maven-3.2.5\repository\org\springframework\boot\spring-boot-starter-logging\1.5.2.RELEASE\spring-boot-starter-logging-1.5.2.RELEASE.jar;D:\Professional\apache-maven-3.2.5\repository\ch\qos\logback\logback-classic\1.1.11\logback-classic-1.1.11.jar;D:\Professional\apache-maven-3.2.5\repository\ch\qos\logback\logback-core\1.1.11\logback-core-1.1.11.jar;D:\Professional\apache-maven-3.2.5\repository\org\slf4j\jul-to-slf4j\1.7.24\jul-to-slf4j-1.7.24.jar;D:\Professional\apache-maven-3.2.5\repository\org\slf4j\log4j-over-slf4j\1.7.24\log4j-over-slf4j-1.7.24.jar;D:\Professional\apache-maven-3.2.5\repository\org\yaml\snakeyaml\1.17\snakeyaml-1.17.ja
Launcher Type: SUN_STANDARD

Environment Variables:
JAVA_HOME=C:\Java\jdk1.8.0_131
PATH=C:/Java/jdk1.8.0_131/bin/../jre/bin/server;C:/Java/jdk1.8.0_131/bin/../jre/bin;C:/Java/jdk1.8.0_131/bin/../jre/lib/amd64;D:\Professional\SecureCRT\;C:\Program Files\Docker\Docker\Resources\bin;C:\WINDOWS\system32;C:\WINDOWS;C:\WINDOWS\System32\Wbem;C:\WINDOWS\System32\WindowsPowerShell\v1.0\;C:\Java\jdk1.8.0_131\bin;C:\Java\jdk1.8.0_131\jre\bin;D:\Professional\TortoiseSVN\bin;D:\Professional\Git\bin;D:\Professional\apache-maven-3.2.5\bin;;C:\WINDOWS\System32\OpenSSH\;D:\Professional\Redis\;D:\Professional\Anaconda3;D:\Professional\Anaconda3\Library\mingw-w64\bin;D:\Professional\Anaconda3\Library\usr\bin;D:\Professional\Anaconda3\Library\bin;D:\Professional\Anaconda3\Scripts;C:\Users\think\AppData\Local\Microsoft\WindowsApps;;D:\Professional\sts\sts-3.9.1.RELEASE;
USERNAME=think
OS=Windows_NT
PROCESSOR_IDENTIFIER=Intel64 Family 6 Model 158 Stepping 9, GenuineIntel



---------------  S Y S T E M  ---------------

OS: Windows 10.0 , 64 bit Build 17134 (10.0.17134.1)

CPU:total 4 (initial active 4) (4 cores per cpu, 1 threads per core) family 6 model 158 stepping 9, cmov, cx8, fxsr, mmx, sse, sse2, sse3, ssse3, sse4.1, sse4.2, popcnt, avx, avx2, aes, clmul, erms, 3dnowpref, lzcnt, tsc, tscinvbit, bmi1, bmi2, adx

Memory: 4k page, physical 8025320k(3202664k free), swap 9336040k(2343356k free)

vm_info: Java HotSpot(TM) 64-Bit Server VM (25.131-b11) for windows-amd64 JRE (1.8.0_131-b11), built on Mar 15 2017 01:23:53 by "java_re" with MS VC++ 10.0 (VS2010)

time: Tue May 22 00:19:15 2018
elapsed time: 29 seconds (0d 0h 0m 29s)

